<?xml version="1.0" encoding="UTF-8"?>
<testng-results ignored="0" total="6" passed="6" failed="0" skipped="0">
  <reporter-output>
  </reporter-output>
  <suite started-at="2023-01-24T09:57:17 GMT+07:00" name="Surefire suite" finished-at="2023-01-24T09:57:17 GMT+07:00" duration-ms="49">
    <groups>
    </groups>
    <test started-at="2023-01-24T09:57:17 GMT+07:00" name="Surefire test" finished-at="2023-01-24T09:57:17 GMT+07:00" duration-ms="49">
      <class name="ru.netology.stats.StatsServiceTest">
        <test-method signature="calcAverageSum()[pri:0, instance:ru.netology.stats.StatsServiceTest@1ff4931d]" started-at="2023-01-24T09:57:17 GMT+07:00" name="calcAverageSum" finished-at="2023-01-24T09:57:17 GMT+07:00" duration-ms="7" status="PASS">
          <reporter-output>
          </reporter-output>
        </test-method> <!-- calcAverageSum -->
        <test-method signature="calcUpAverage()[pri:0, instance:ru.netology.stats.StatsServiceTest@1ff4931d]" started-at="2023-01-24T09:57:17 GMT+07:00" name="calcUpAverage" finished-at="2023-01-24T09:57:17 GMT+07:00" duration-ms="1" status="PASS">
          <reporter-output>
          </reporter-output>
        </test-method> <!-- calcUpAverage -->
        <test-method signature="calcUnAverage()[pri:0, instance:ru.netology.stats.StatsServiceTest@1ff4931d]" started-at="2023-01-24T09:57:17 GMT+07:00" name="calcUnAverage" finished-at="2023-01-24T09:57:17 GMT+07:00" duration-ms="0" status="PASS">
          <reporter-output>
          </reporter-output>
        </test-method> <!-- calcUnAverage -->
        <test-method signature="shouldFindMin()[pri:0, instance:ru.netology.stats.StatsServiceTest@1ff4931d]" started-at="2023-01-24T09:57:17 GMT+07:00" name="shouldFindMin" finished-at="2023-01-24T09:57:17 GMT+07:00" duration-ms="1" status="PASS">
          <reporter-output>
          </reporter-output>
        </test-method> <!-- shouldFindMin -->
        <test-method signature="shouldFindMax()[pri:0, instance:ru.netology.stats.StatsServiceTest@1ff4931d]" started-at="2023-01-24T09:57:17 GMT+07:00" name="shouldFindMax" finished-at="2023-01-24T09:57:17 GMT+07:00" duration-ms="0" status="PASS">
          <reporter-output>
          </reporter-output>
        </test-method> <!-- shouldFindMax -->
        <test-method signature="shouldcalcSum()[pri:0, instance:ru.netology.stats.StatsServiceTest@1ff4931d]" started-at="2023-01-24T09:57:17 GMT+07:00" name="shouldcalcSum" finished-at="2023-01-24T09:57:17 GMT+07:00" duration-ms="0" status="PASS">
          <reporter-output>
          </reporter-output>
        </test-method> <!-- shouldcalcSum -->
      </class> <!-- ru.netology.stats.StatsServiceTest -->
    </test> <!-- Surefire test -->
  </suite> <!-- Surefire suite -->
</testng-results>
